Arguments: 
  C:\Program Files\nodejs\node.exe C:\Users\Manjunath\AppData\Roaming\npm\node_modules\yarn\bin\yarn.js add mime

PATH: 
  C:\oraclexe\app\oracle\product\10.2.0\server\bin;C:\Program Files (x86)\Common Files\Oracle\Java\javapath;C:\WINDOWS\system32;C:\WINDOWS;C:\WINDOWS\System32\Wbem;C:\WINDOWS\System32\WindowsPowerShell\v1.0\;C:\Program Files (x86)\Flash Magic;C:\WINDOWS\System32\OpenSSH\;C:\Program Files\nodejs\;C:\ProgramData\chocolatey\bin;C:\src\flutter\bin;C:\Program Files\MongoDB\Server\4.4\bin;C:\Program Files\Git\cmd;C:\Program Files\MongoDB\Server\4.4\bin;C:\Program Files\Java\jdk1.8.0_221\bin;C:\Users\Manjunath\AppData\Local\Microsoft\WindowsApps;C:\Users\Manjunath\AppData\Roaming\npm;C:\Users\Manjunath\AppData\Local\Programs\Microsoft VS Code\bin;C:\Program Files\Git\bin\git.exe;C:\Program Files\Git\cmd;C:\Windows\System32;C:\src\flutter\bin;C:\Program Files\heroku\bin;C:\Users\Manjunath\AppData\Local\Android\Sdk\platform-tools;C:\Users\Manjunath\AppData\Local\watchman\watchman;

Yarn version: 
  1.22.10

Node version: 
  12.17.0

Platform: 
  win32 x64

Trace: 
  Error: https://registry.yarnpkg.com/rxjs/-/rxjs-6.6.7.tgz: ESOCKETTIMEDOUT
      at ClientRequest.<anonymous> (C:\Users\Manjunath\AppData\Roaming\npm\node_modules\yarn\lib\cli.js:141289:19)
      at Object.onceWrapper (events.js:421:28)
      at ClientRequest.emit (events.js:315:20)
      at TLSSocket.emitRequestTimeout (_http_client.js:709:9)
      at Object.onceWrapper (events.js:421:28)
      at TLSSocket.emit (events.js:327:22)
      at TLSSocket.Socket._onTimeout (net.js:481:8)
      at listOnTimeout (internal/timers.js:549:17)
      at processTimers (internal/timers.js:492:7)

npm manifest: 
  {
  	"name": "backend",
  	"version": "1.0.0",
  	"description": "",
  	"main": "app.js",
  	"scripts": {
  		"test": "echo \"Error: no test specified\" && exit 1",
  		"start": "concurrently -k -n \"typescript, server\" -c \"blue,green\" \"tsc --watch\" \"nodemon dist/app.js\""
  	},
  	"keywords": [],
  	"author": "",
  	"license": "ISC",
  	"dependencies": {
  		"@types/bcryptjs": "^2.4.2",
  		"bcryptjs": "^2.4.3",
  		"cors": "^2.8.5",
  		"dotenv": "^9.0.2",
  		"express": "^4.17.1",
  		"express-jwt": "^6.1.0",
  		"jsonwebtoken": "^8.5.1",
  		"mongoose": "^5.12.10",
  		"multer": "^1.4.3"
  	},
  	"devDependencies": {
  		"@types/cors": "^2.8.10",
  		"@types/express": "^4.17.11",
  		"@types/express-jwt": "^6.0.2",
  		"@types/jsonwebtoken": "^8.5.5",
  		"@types/mongoose": "^5.10.5",
  		"@types/multer": "^1.4.7",
  		"concurrently": "^6.1.0",
  		"nodemon": "^2.0.7",
  		"typescript": "^4.2.4"
  	}
  }

yarn manifest: 
  No manifest

Lockfile: 
  No lockfile
